<?xml version="1.0" encoding="UTF-8"?>
<!-- Generated by org.testng.reporters.JUnitXMLReporter -->
<testsuite hostname="LGDN15025-W7D01" ignored="6" name="Default test" tests="1" failures="0" timestamp="08 Dec 2018 10:21:57 GMT" time="13.388" errors="0">
  <testcase name="TC07" time="2.39" classname="testcase.LoginAndRegisterTest"/>
  <testcase name="TC01" time="0.0" classname="testcase.LoginAndRegisterTest">
    <ignored/>
  </testcase> <!-- TC01 -->
  <testcase name="TC06" time="0.0" classname="testcase.LoginAndRegisterTest">
    <ignored/>
  </testcase> <!-- TC06 -->
  <testcase name="TC02" time="0.0" classname="testcase.LoginAndRegisterTest">
    <ignored/>
  </testcase> <!-- TC02 -->
  <testcase name="TC03" time="0.0" classname="testcase.LoginAndRegisterTest">
    <ignored/>
  </testcase> <!-- TC03 -->
  <testcase name="TC04" time="0.0" classname="testcase.LoginAndRegisterTest">
    <ignored/>
  </testcase> <!-- TC04 -->
  <testcase name="TC05" time="0.0" classname="testcase.LoginAndRegisterTest">
    <ignored/>
  </testcase> <!-- TC05 -->
</testsuite> <!-- Default test -->
