<?xml version="1.0" encoding="UTF-8"?>
<testng-results skipped="0" failed="0" ignored="0" total="1" passed="1">
  <reporter-output>
  </reporter-output>
  <suite name="Default suite" duration-ms="12683" started-at="2018-12-09T02:41:10Z" finished-at="2018-12-09T02:41:23Z">
    <groups>
    </groups>
    <test name="Default test" duration-ms="12683" started-at="2018-12-09T02:41:10Z" finished-at="2018-12-09T02:41:23Z">
      <class name="testcase.TC08">
        <test-method status="PASS" signature="beforeClass()[pri:0, instance:testcase.TC08@1a3869f4]" name="beforeClass" is-config="true" duration-ms="8304" started-at="2018-12-09T02:41:10Z" finished-at="2018-12-09T02:41:18Z">
          <reporter-output>
          </reporter-output>
        </test-method> <!-- beforeClass -->
        <test-method status="PASS" signature="Initdriver()[pri:0, instance:testcase.TC08@1a3869f4]" name="Initdriver" is-config="true" duration-ms="28" started-at="2018-12-09T02:41:18Z" finished-at="2018-12-09T02:41:18Z">
          <reporter-output>
          </reporter-output>
        </test-method> <!-- Initdriver -->
        <test-method status="PASS" signature="CreateAccount()[pri:0, instance:testcase.TC08@1a3869f4]" name="CreateAccount" is-config="true" duration-ms="2304" started-at="2018-12-09T02:41:18Z" finished-at="2018-12-09T02:41:21Z">
          <reporter-output>
          </reporter-output>
        </test-method> <!-- CreateAccount -->
        <test-method status="PASS" signature="TC_08()[pri:0, instance:testcase.TC08@1a3869f4]" name="TC_08" duration-ms="1456" started-at="2018-12-09T02:41:21Z" description="User can&#039;t login with an account hasn&#039;t been activated" finished-at="2018-12-09T02:41:22Z">
          <reporter-output>
          </reporter-output>
        </test-method> <!-- TC_08 -->
        <test-method status="PASS" signature="afterClass()[pri:0, instance:testcase.TC08@1a3869f4]" name="afterClass" is-config="true" duration-ms="572" started-at="2018-12-09T02:41:22Z" finished-at="2018-12-09T02:41:23Z">
          <reporter-output>
          </reporter-output>
        </test-method> <!-- afterClass -->
      </class> <!-- testcase.TC08 -->
    </test> <!-- Default test -->
  </suite> <!-- Default suite -->
</testng-results>
